c:\users\net_n\desktop\project\2-2\class\게임수학\transform\p4\x64\debug\vc142.pdb
c:\users\net_n\desktop\project\2-2\class\게임수학\transform\p4\x64\debug\vc142.idb
c:\users\net_n\desktop\project\2-2\class\게임수학\transform\p4\x64\debug\vector3.obj
c:\users\net_n\desktop\project\2-2\class\게임수학\transform\p4\x64\debug\main.obj
c:\users\net_n\desktop\project\2-2\class\게임수학\transform\p4\x64\debug\totalfunction.obj
c:\users\net_n\desktop\project\2-2\class\게임수학\transform\p4\x64\debug\transform.obj
c:\users\net_n\desktop\project\2-2\class\게임수학\transform\p4\x64\debug\matrix3.obj
c:\users\net_n\desktop\project\2-2\class\게임수학\transform\x64\debug\p4.exe
c:\users\net_n\desktop\project\2-2\class\게임수학\transform\x64\debug\p4.ilk
c:\users\net_n\desktop\project\2-2\class\게임수학\transform\x64\debug\p4.pdb
c:\users\net_n\desktop\project\2-2\class\게임수학\transform\p4\x64\debug\p4.res
c:\users\net_n\desktop\project\2-2\class\게임수학\transform\p4\x64\debug\voperation.obj
c:\users\net_n\desktop\project\2-2\class\게임수학\transform\p4\x64\debug\p4.tlog\cl.command.1.tlog
c:\users\net_n\desktop\project\2-2\class\게임수학\transform\p4\x64\debug\p4.tlog\cl.read.1.tlog
c:\users\net_n\desktop\project\2-2\class\게임수학\transform\p4\x64\debug\p4.tlog\cl.write.1.tlog
c:\users\net_n\desktop\project\2-2\class\게임수학\transform\p4\x64\debug\p4.tlog\link.command.1.tlog
c:\users\net_n\desktop\project\2-2\class\게임수학\transform\p4\x64\debug\p4.tlog\link.read.1.tlog
c:\users\net_n\desktop\project\2-2\class\게임수학\transform\p4\x64\debug\p4.tlog\link.write.1.tlog
c:\users\net_n\desktop\project\2-2\class\게임수학\transform\p4\x64\debug\p4.tlog\rc.command.1.tlog
c:\users\net_n\desktop\project\2-2\class\게임수학\transform\p4\x64\debug\p4.tlog\rc.read.1.tlog
c:\users\net_n\desktop\project\2-2\class\게임수학\transform\p4\x64\debug\p4.tlog\rc.write.1.tlog
