  main.cpp
C:\Users\net_n\Desktop\Project\GG161006_송로민_게임수학\Intersection\GameMath\p4\main.cpp(210,34): warning C4244: '인수': 'double'에서 'int'(으)로 변환하면서 데이터가 손실될 수 있습니다.
C:\Users\net_n\Desktop\Project\GG161006_송로민_게임수학\Intersection\GameMath\p4\main.cpp(210,24): warning C4244: '인수': 'double'에서 'int'(으)로 변환하면서 데이터가 손실될 수 있습니다.
C:\Users\net_n\Desktop\Project\GG161006_송로민_게임수학\Intersection\GameMath\p4\main.cpp(211,32): warning C4244: '인수': 'double'에서 'int'(으)로 변환하면서 데이터가 손실될 수 있습니다.
C:\Users\net_n\Desktop\Project\GG161006_송로민_게임수학\Intersection\GameMath\p4\main.cpp(211,22): warning C4244: '인수': 'double'에서 'int'(으)로 변환하면서 데이터가 손실될 수 있습니다.
C:\Users\net_n\Desktop\Project\GG161006_송로민_게임수학\Intersection\GameMath\p4\main.cpp(213,30): warning C4244: '인수': 'double'에서 'int'(으)로 변환하면서 데이터가 손실될 수 있습니다.
C:\Users\net_n\Desktop\Project\GG161006_송로민_게임수학\Intersection\GameMath\p4\main.cpp(213,23): warning C4244: '인수': 'double'에서 'int'(으)로 변환하면서 데이터가 손실될 수 있습니다.
C:\Users\net_n\Desktop\Project\GG161006_송로민_게임수학\Intersection\GameMath\p4\main.cpp(214,30): warning C4244: '인수': 'double'에서 'int'(으)로 변환하면서 데이터가 손실될 수 있습니다.
C:\Users\net_n\Desktop\Project\GG161006_송로민_게임수학\Intersection\GameMath\p4\main.cpp(214,22): warning C4244: '인수': 'double'에서 'int'(으)로 변환하면서 데이터가 손실될 수 있습니다.
C:\Users\net_n\Desktop\Project\GG161006_송로민_게임수학\Intersection\GameMath\p4\main.cpp(215,31): warning C4244: '인수': 'double'에서 'int'(으)로 변환하면서 데이터가 손실될 수 있습니다.
C:\Users\net_n\Desktop\Project\GG161006_송로민_게임수학\Intersection\GameMath\p4\main.cpp(215,21): warning C4244: '인수': 'double'에서 'int'(으)로 변환하면서 데이터가 손실될 수 있습니다.
C:\Users\net_n\Desktop\Project\GG161006_송로민_게임수학\Intersection\GameMath\p4\main.cpp(216,29): warning C4244: '인수': 'double'에서 'int'(으)로 변환하면서 데이터가 손실될 수 있습니다.
C:\Users\net_n\Desktop\Project\GG161006_송로민_게임수학\Intersection\GameMath\p4\main.cpp(216,19): warning C4244: '인수': 'double'에서 'int'(으)로 변환하면서 데이터가 손실될 수 있습니다.
C:\Users\net_n\Desktop\Project\GG161006_송로민_게임수학\Intersection\GameMath\p4\main.cpp(261,80): warning C4244: '인수': 'double'에서 'int'(으)로 변환하면서 데이터가 손실될 수 있습니다.
C:\Users\net_n\Desktop\Project\GG161006_송로민_게임수학\Intersection\GameMath\p4\main.cpp(261,68): warning C4244: '인수': 'double'에서 'int'(으)로 변환하면서 데이터가 손실될 수 있습니다.
C:\Users\net_n\Desktop\Project\GG161006_송로민_게임수학\Intersection\GameMath\p4\main.cpp(283,29): warning C4244: '=': 'double'에서 'LONG'(으)로 변환하면서 데이터가 손실될 수 있습니다.
C:\Users\net_n\Desktop\Project\GG161006_송로민_게임수학\Intersection\GameMath\p4\main.cpp(284,29): warning C4244: '=': 'double'에서 'LONG'(으)로 변환하면서 데이터가 손실될 수 있습니다.
C:\Users\net_n\Desktop\Project\GG161006_송로민_게임수학\Intersection\GameMath\p4\main.cpp(296,24): warning C4244: '=': 'double'에서 'float'(으)로 변환하면서 데이터가 손실될 수 있습니다.
C:\Users\net_n\Desktop\Project\GG161006_송로민_게임수학\Intersection\GameMath\p4\main.cpp(297,27): warning C4244: '=': 'double'에서 'float'(으)로 변환하면서 데이터가 손실될 수 있습니다.
C:\Users\net_n\Desktop\Project\GG161006_송로민_게임수학\Intersection\GameMath\p4\main.cpp(308,30): warning C4244: '=': 'double'에서 'LONG'(으)로 변환하면서 데이터가 손실될 수 있습니다.
C:\Users\net_n\Desktop\Project\GG161006_송로민_게임수학\Intersection\GameMath\p4\main.cpp(309,30): warning C4244: '=': 'double'에서 'LONG'(으)로 변환하면서 데이터가 손실될 수 있습니다.
C:\Users\net_n\Desktop\Project\GG161006_송로민_게임수학\Intersection\GameMath\p4\main.cpp(347,9): warning C4101: 'LengthV2' :참조되지 않은 지역 변수입니다.
C:\Users\net_n\Desktop\Project\GG161006_송로민_게임수학\Intersection\GameMath\p4\main.cpp(661,42): warning C4244: '인수': 'double'에서 'int'(으)로 변환하면서 데이터가 손실될 수 있습니다.
C:\Users\net_n\Desktop\Project\GG161006_송로민_게임수학\Intersection\GameMath\p4\main.cpp(661,31): warning C4244: '인수': 'double'에서 'int'(으)로 변환하면서 데이터가 손실될 수 있습니다.
C:\Users\net_n\Desktop\Project\GG161006_송로민_게임수학\Intersection\GameMath\p4\main.cpp(709,29): warning C4244: '인수': 'double'에서 'float'(으)로 변환하면서 데이터가 손실될 수 있습니다.
C:\Users\net_n\Desktop\Project\GG161006_송로민_게임수학\Intersection\GameMath\p4\main.cpp(712,29): warning C4244: '인수': 'double'에서 'float'(으)로 변환하면서 데이터가 손실될 수 있습니다.
C:\Users\net_n\Desktop\Project\GG161006_송로민_게임수학\Intersection\GameMath\p4\main.cpp(715,29): warning C4244: '인수': 'double'에서 'float'(으)로 변환하면서 데이터가 손실될 수 있습니다.
C:\Users\net_n\Desktop\Project\GG161006_송로민_게임수학\Intersection\GameMath\p4\main.cpp(833,31): warning C4244: '=': 'double'에서 'LONG'(으)로 변환하면서 데이터가 손실될 수 있습니다.
C:\Users\net_n\Desktop\Project\GG161006_송로민_게임수학\Intersection\GameMath\p4\main.cpp(834,31): warning C4244: '=': 'double'에서 'LONG'(으)로 변환하면서 데이터가 손실될 수 있습니다.
C:\Users\net_n\Desktop\Project\GG161006_송로민_게임수학\Intersection\GameMath\p4\main.cpp(837,29): warning C4244: '=': 'double'에서 'LONG'(으)로 변환하면서 데이터가 손실될 수 있습니다.
C:\Users\net_n\Desktop\Project\GG161006_송로민_게임수학\Intersection\GameMath\p4\main.cpp(838,29): warning C4244: '=': 'double'에서 'LONG'(으)로 변환하면서 데이터가 손실될 수 있습니다.
C:\Users\net_n\Desktop\Project\GG161006_송로민_게임수학\Intersection\GameMath\p4\main.cpp(879,65): warning C4244: '인수': 'double'에서 'int'(으)로 변환하면서 데이터가 손실될 수 있습니다.
C:\Users\net_n\Desktop\Project\GG161006_송로민_게임수학\Intersection\GameMath\p4\main.cpp(879,57): warning C4244: '인수': 'double'에서 'int'(으)로 변환하면서 데이터가 손실될 수 있습니다.
C:\Users\net_n\Desktop\Project\GG161006_송로민_게임수학\Intersection\GameMath\p4\main.cpp(883,73): warning C4244: '인수': 'double'에서 'int'(으)로 변환하면서 데이터가 손실될 수 있습니다.
C:\Users\net_n\Desktop\Project\GG161006_송로민_게임수학\Intersection\GameMath\p4\main.cpp(883,63): warning C4244: '인수': 'double'에서 'int'(으)로 변환하면서 데이터가 손실될 수 있습니다.
C:\Users\net_n\Desktop\Project\GG161006_송로민_게임수학\Intersection\GameMath\p4\main.cpp(887,69): warning C4244: '인수': 'double'에서 'int'(으)로 변환하면서 데이터가 손실될 수 있습니다.
C:\Users\net_n\Desktop\Project\GG161006_송로민_게임수학\Intersection\GameMath\p4\main.cpp(887,60): warning C4244: '인수': 'double'에서 'int'(으)로 변환하면서 데이터가 손실될 수 있습니다.
  p4.vcxproj -> C:\Users\net_n\Desktop\Project\GG161006_송로민_게임수학\Intersection\GameMath\x64\Debug\p4.exe
